2024-12-01 11:15:35,199 [Worker-1: Loading available Gradle versions] INFO  o.e.b.c.i.u.g.PublishedGradleVersions - Gradle version information cache is up-to-date. Trying to read.
2024-12-01 11:16:24,660 [Worker-33: Updating Maven Dependencies] INFO  o.e.m.c.i.l.LifecycleMappingFactory - Using org.eclipse.m2e.jdt.JarLifecycleMapping lifecycle mapping for MavenProject: projetoModelo:projetoModelo:0.0.1-SNAPSHOT @ C:\Users\alexs\Desktop\projeto-poo-main\projeto-poo-main\projetoModelo\projetoModelo\pom.xml.
2024-12-01 11:16:24,660 [Worker-19: Building] INFO  o.e.m.c.i.l.LifecycleMappingFactory - Using org.eclipse.m2e.jdt.JarLifecycleMapping lifecycle mapping for MavenProject: projetoModelo:projetoModelo:0.0.1-SNAPSHOT @ C:\Users\alexs\Desktop\projeto-poo-main\projeto-poo-main\projetoModelo\projetoModelo\pom.xml.
2024-12-01 11:16:25,329 [Worker-33: Updating Maven Dependencies] INFO  o.e.m.c.i.e.AbstractTransferListenerAdapter - Downloading https://repo.maven.apache.org/maven2/org/openjfx/javafx-controls/23.0.1/javafx-controls-23.0.1.pom
2024-12-01 11:16:25,342 [Worker-33: Updating Maven Dependencies] INFO  o.e.m.c.i.e.AbstractTransferListenerAdapter - Downloaded https://repo.maven.apache.org/maven2/org/openjfx/javafx-controls/23.0.1/javafx-controls-23.0.1.pom
2024-12-01 11:16:25,395 [Worker-33: Updating Maven Dependencies] INFO  o.e.m.c.i.e.AbstractTransferListenerAdapter - Downloading https://repo.maven.apache.org/maven2/org/openjfx/javafx/23.0.1/javafx-23.0.1.pom
2024-12-01 11:16:25,409 [Worker-33: Updating Maven Dependencies] INFO  o.e.m.c.i.e.AbstractTransferListenerAdapter - Downloaded https://repo.maven.apache.org/maven2/org/openjfx/javafx/23.0.1/javafx-23.0.1.pom
2024-12-01 11:16:25,565 [Worker-19: Building] INFO  o.e.m.c.i.e.AbstractTransferListenerAdapter - Downloading https://repo.maven.apache.org/maven2/org/openjfx/javafx-graphics/23.0.1/javafx-graphics-23.0.1.pom
2024-12-01 11:16:25,570 [Worker-19: Building] INFO  o.e.m.c.i.e.AbstractTransferListenerAdapter - Downloaded https://repo.maven.apache.org/maven2/org/openjfx/javafx-graphics/23.0.1/javafx-graphics-23.0.1.pom
2024-12-01 11:16:25,629 [Worker-19: Building] INFO  o.e.m.c.i.e.AbstractTransferListenerAdapter - Downloading https://repo.maven.apache.org/maven2/org/openjfx/javafx-base/23.0.1/javafx-base-23.0.1.pom
2024-12-01 11:16:25,635 [Worker-19: Building] INFO  o.e.m.c.i.e.AbstractTransferListenerAdapter - Downloaded https://repo.maven.apache.org/maven2/org/openjfx/javafx-base/23.0.1/javafx-base-23.0.1.pom
2024-12-01 11:16:25,695 [Worker-19: Building] INFO  o.e.m.c.i.e.AbstractTransferListenerAdapter - Downloading https://repo.maven.apache.org/maven2/org/openjfx/javafx-controls/23.0.1/javafx-controls-23.0.1.jar
2024-12-01 11:16:25,708 [Worker-19: Building] INFO  o.e.m.c.i.e.AbstractTransferListenerAdapter - Downloaded https://repo.maven.apache.org/maven2/org/openjfx/javafx-controls/23.0.1/javafx-controls-23.0.1.jar
2024-12-01 11:16:25,751 [BasicRepositoryConnector-repo.maven.apache.org-0-1] INFO  o.e.m.c.i.e.AbstractTransferListenerAdapter - Downloading https://repo.maven.apache.org/maven2/org/openjfx/javafx-graphics/23.0.1/javafx-graphics-23.0.1.jar
2024-12-01 11:16:25,764 [BasicRepositoryConnector-repo.maven.apache.org-0-1] INFO  o.e.m.c.i.e.AbstractTransferListenerAdapter - Downloaded https://repo.maven.apache.org/maven2/org/openjfx/javafx-graphics/23.0.1/javafx-graphics-23.0.1.jar
2024-12-01 11:16:25,836 [BasicRepositoryConnector-repo.maven.apache.org-0-3] INFO  o.e.m.c.i.e.AbstractTransferListenerAdapter - Downloading https://repo.maven.apache.org/maven2/org/openjfx/javafx-base/23.0.1/javafx-base-23.0.1.jar
2024-12-01 11:16:25,844 [BasicRepositoryConnector-repo.maven.apache.org-0-3] INFO  o.e.m.c.i.e.AbstractTransferListenerAdapter - Downloaded https://repo.maven.apache.org/maven2/org/openjfx/javafx-base/23.0.1/javafx-base-23.0.1.jar
2024-12-01 11:16:25,844 [BasicRepositoryConnector-repo.maven.apache.org-0-0] INFO  o.e.m.c.i.e.AbstractTransferListenerAdapter - Downloading https://repo.maven.apache.org/maven2/org/openjfx/javafx-controls/23.0.1/javafx-controls-23.0.1-win.jar
2024-12-01 11:16:25,844 [BasicRepositoryConnector-repo.maven.apache.org-0-4] INFO  o.e.m.c.i.e.AbstractTransferListenerAdapter - Downloading https://repo.maven.apache.org/maven2/org/openjfx/javafx-base/23.0.1/javafx-base-23.0.1-win.jar
2024-12-01 11:16:25,848 [BasicRepositoryConnector-repo.maven.apache.org-0-2] INFO  o.e.m.c.i.e.AbstractTransferListenerAdapter - Downloading https://repo.maven.apache.org/maven2/org/openjfx/javafx-graphics/23.0.1/javafx-graphics-23.0.1-win.jar
2024-12-01 11:16:26,144 [BasicRepositoryConnector-repo.maven.apache.org-0-4] INFO  o.e.m.c.i.e.AbstractTransferListenerAdapter - Downloaded https://repo.maven.apache.org/maven2/org/openjfx/javafx-base/23.0.1/javafx-base-23.0.1-win.jar
2024-12-01 11:16:26,484 [BasicRepositoryConnector-repo.maven.apache.org-0-0] INFO  o.e.m.c.i.e.AbstractTransferListenerAdapter - Downloaded https://repo.maven.apache.org/maven2/org/openjfx/javafx-controls/23.0.1/javafx-controls-23.0.1-win.jar
2024-12-01 11:16:26,908 [BasicRepositoryConnector-repo.maven.apache.org-0-2] INFO  o.e.m.c.i.e.AbstractTransferListenerAdapter - Downloaded https://repo.maven.apache.org/maven2/org/openjfx/javafx-graphics/23.0.1/javafx-graphics-23.0.1-win.jar
2024-12-01 11:16:28,240 [Worker-19: Building] WARN  o.a.m.s.f.DefaultMavenResourcesFiltering - Using platform encoding (UTF-8 actually) to copy filtered resources, i.e. build is platform dependent!
2024-12-01 11:16:28,241 [Worker-19: Building] INFO  o.a.m.s.f.DefaultMavenResourcesFiltering - skip non existing resourceDirectory C:\Users\alexs\Desktop\projeto-poo-main\projeto-poo-main\projetoModelo\projetoModelo\src\main\resources
2024-12-01 11:16:28,245 [Worker-19: Building] WARN  o.a.m.s.f.DefaultMavenResourcesFiltering - Using platform encoding (UTF-8 actually) to copy filtered resources, i.e. build is platform dependent!
2024-12-01 11:16:28,247 [Worker-19: Building] INFO  o.a.m.s.f.DefaultMavenResourcesFiltering - skip non existing resourceDirectory C:\Users\alexs\Desktop\projeto-poo-main\projeto-poo-main\projetoModelo\projetoModelo\src\test\resources
2024-12-01 11:16:29,073 [Worker-2: Download sources and javadoc] INFO  o.e.m.c.i.e.AbstractTransferListenerAdapter - Downloading https://repo.maven.apache.org/maven2/org/openjfx/javafx-controls/23.0.1/javafx-controls-23.0.1-sources.jar
2024-12-01 11:16:29,342 [Worker-2: Download sources and javadoc] INFO  o.e.m.c.i.e.AbstractTransferListenerAdapter - Downloaded https://repo.maven.apache.org/maven2/org/openjfx/javafx-controls/23.0.1/javafx-controls-23.0.1-sources.jar
2024-12-01 11:16:29,347 [Worker-2: Download sources and javadoc] INFO  o.e.m.j.internal.DownloadSourcesJob - Downloaded sources for org.openjfx:javafx-controls:23.0.1
2024-12-01 11:16:29,353 [Worker-2: Download sources and javadoc] INFO  o.e.m.j.internal.DownloadSourcesJob - Downloaded sources for org.openjfx:javafx-controls:23.0.1win
2024-12-01 11:16:29,494 [Worker-2: Download sources and javadoc] INFO  o.e.m.c.i.e.AbstractTransferListenerAdapter - Downloading https://repo.maven.apache.org/maven2/org/openjfx/javafx-graphics/23.0.1/javafx-graphics-23.0.1-sources.jar
2024-12-01 11:16:30,663 [Worker-2: Download sources and javadoc] INFO  o.e.m.c.i.e.AbstractTransferListenerAdapter - Downloaded https://repo.maven.apache.org/maven2/org/openjfx/javafx-graphics/23.0.1/javafx-graphics-23.0.1-sources.jar
2024-12-01 11:16:30,669 [Worker-2: Download sources and javadoc] INFO  o.e.m.j.internal.DownloadSourcesJob - Downloaded sources for org.openjfx:javafx-graphics:23.0.1
2024-12-01 11:16:30,676 [Worker-2: Download sources and javadoc] INFO  o.e.m.j.internal.DownloadSourcesJob - Downloaded sources for org.openjfx:javafx-graphics:23.0.1win
2024-12-01 11:16:30,896 [Worker-24: Building] WARN  o.a.m.s.f.DefaultMavenResourcesFiltering - Using platform encoding (UTF-8 actually) to copy filtered resources, i.e. build is platform dependent!
2024-12-01 11:16:30,897 [Worker-24: Building] INFO  o.a.m.s.f.DefaultMavenResourcesFiltering - skip non existing resourceDirectory C:\Users\alexs\Desktop\projeto-poo-main\projeto-poo-main\projetoModelo\projetoModelo\src\main\resources
2024-12-01 11:16:30,904 [Worker-24: Building] WARN  o.a.m.s.f.DefaultMavenResourcesFiltering - Using platform encoding (UTF-8 actually) to copy filtered resources, i.e. build is platform dependent!
2024-12-01 11:16:30,906 [Worker-24: Building] INFO  o.a.m.s.f.DefaultMavenResourcesFiltering - skip non existing resourceDirectory C:\Users\alexs\Desktop\projeto-poo-main\projeto-poo-main\projetoModelo\projetoModelo\src\test\resources
2024-12-01 11:16:30,932 [Worker-2: Download sources and javadoc] INFO  o.e.m.c.i.e.AbstractTransferListenerAdapter - Downloading https://repo.maven.apache.org/maven2/org/openjfx/javafx-base/23.0.1/javafx-base-23.0.1-sources.jar
2024-12-01 11:16:31,033 [Worker-32: Updating Maven Dependencies] INFO  o.e.m.c.i.l.LifecycleMappingFactory - Using org.eclipse.m2e.jdt.JarLifecycleMapping lifecycle mapping for MavenProject: projetoModelo:projetoModelo:0.0.1-SNAPSHOT @ C:\Users\alexs\Desktop\projeto-poo-main\projeto-poo-main\projetoModelo\projetoModelo\pom.xml.
2024-12-01 11:16:31,131 [Worker-2: Download sources and javadoc] INFO  o.e.m.c.i.e.AbstractTransferListenerAdapter - Downloaded https://repo.maven.apache.org/maven2/org/openjfx/javafx-base/23.0.1/javafx-base-23.0.1-sources.jar
2024-12-01 11:16:31,135 [Worker-2: Download sources and javadoc] INFO  o.e.m.j.internal.DownloadSourcesJob - Downloaded sources for org.openjfx:javafx-base:23.0.1
2024-12-01 11:16:31,139 [Worker-2: Download sources and javadoc] INFO  o.e.m.j.internal.DownloadSourcesJob - Downloaded sources for org.openjfx:javafx-base:23.0.1win
2024-12-01 11:16:32,410 [Worker-29: Building] WARN  o.a.m.s.f.DefaultMavenResourcesFiltering - Using platform encoding (UTF-8 actually) to copy filtered resources, i.e. build is platform dependent!
2024-12-01 11:16:32,411 [Worker-29: Building] INFO  o.a.m.s.f.DefaultMavenResourcesFiltering - skip non existing resourceDirectory C:\Users\alexs\Desktop\projeto-poo-main\projeto-poo-main\projetoModelo\projetoModelo\src\main\resources
2024-12-01 11:16:32,413 [Worker-29: Building] WARN  o.a.m.s.f.DefaultMavenResourcesFiltering - Using platform encoding (UTF-8 actually) to copy filtered resources, i.e. build is platform dependent!
2024-12-01 11:16:32,414 [Worker-29: Building] INFO  o.a.m.s.f.DefaultMavenResourcesFiltering - skip non existing resourceDirectory C:\Users\alexs\Desktop\projeto-poo-main\projeto-poo-main\projetoModelo\projetoModelo\src\test\resources
2024-12-01 11:25:03,404 [Worker-7: Building] WARN  o.a.m.s.f.DefaultMavenResourcesFiltering - Using platform encoding (UTF-8 actually) to copy filtered resources, i.e. build is platform dependent!
2024-12-01 11:25:03,406 [Worker-7: Building] INFO  o.a.m.s.f.DefaultMavenResourcesFiltering - skip non existing resourceDirectory C:\Users\alexs\Desktop\projeto-poo-main\projeto-poo-main\projetoModelo\projetoModelo\src\main\resources
2024-12-01 11:25:03,408 [Worker-7: Building] WARN  o.a.m.s.f.DefaultMavenResourcesFiltering - Using platform encoding (UTF-8 actually) to copy filtered resources, i.e. build is platform dependent!
2024-12-01 11:25:03,409 [Worker-7: Building] INFO  o.a.m.s.f.DefaultMavenResourcesFiltering - skip non existing resourceDirectory C:\Users\alexs\Desktop\projeto-poo-main\projeto-poo-main\projetoModelo\projetoModelo\src\test\resources
2024-12-01 11:25:13,792 [Worker-31: Building] WARN  o.a.m.s.f.DefaultMavenResourcesFiltering - Using platform encoding (UTF-8 actually) to copy filtered resources, i.e. build is platform dependent!
2024-12-01 11:25:13,793 [Worker-31: Building] INFO  o.a.m.s.f.DefaultMavenResourcesFiltering - skip non existing resourceDirectory C:\Users\alexs\Desktop\projeto-poo-main\projeto-poo-main\projetoModelo\projetoModelo\src\main\resources
2024-12-01 11:25:13,795 [Worker-31: Building] WARN  o.a.m.s.f.DefaultMavenResourcesFiltering - Using platform encoding (UTF-8 actually) to copy filtered resources, i.e. build is platform dependent!
2024-12-01 11:25:13,796 [Worker-31: Building] INFO  o.a.m.s.f.DefaultMavenResourcesFiltering - skip non existing resourceDirectory C:\Users\alexs\Desktop\projeto-poo-main\projeto-poo-main\projetoModelo\projetoModelo\src\test\resources
2024-12-01 11:25:54,315 [Worker-12: Building] WARN  o.a.m.s.f.DefaultMavenResourcesFiltering - Using platform encoding (UTF-8 actually) to copy filtered resources, i.e. build is platform dependent!
2024-12-01 11:25:54,317 [Worker-12: Building] INFO  o.a.m.s.f.DefaultMavenResourcesFiltering - skip non existing resourceDirectory C:\Users\alexs\Desktop\projeto-poo-main\projeto-poo-main\projetoModelo\projetoModelo\src\main\resources
2024-12-01 11:25:54,319 [Worker-12: Building] WARN  o.a.m.s.f.DefaultMavenResourcesFiltering - Using platform encoding (UTF-8 actually) to copy filtered resources, i.e. build is platform dependent!
2024-12-01 11:25:54,319 [Worker-12: Building] INFO  o.a.m.s.f.DefaultMavenResourcesFiltering - skip non existing resourceDirectory C:\Users\alexs\Desktop\projeto-poo-main\projeto-poo-main\projetoModelo\projetoModelo\src\test\resources
2024-12-01 11:26:03,265 [Worker-31: Building] WARN  o.a.m.s.f.DefaultMavenResourcesFiltering - Using platform encoding (UTF-8 actually) to copy filtered resources, i.e. build is platform dependent!
2024-12-01 11:26:03,267 [Worker-31: Building] INFO  o.a.m.s.f.DefaultMavenResourcesFiltering - skip non existing resourceDirectory C:\Users\alexs\Desktop\projeto-poo-main\projeto-poo-main\projetoModelo\projetoModelo\src\main\resources
2024-12-01 11:26:03,269 [Worker-31: Building] WARN  o.a.m.s.f.DefaultMavenResourcesFiltering - Using platform encoding (UTF-8 actually) to copy filtered resources, i.e. build is platform dependent!
2024-12-01 11:26:03,270 [Worker-31: Building] INFO  o.a.m.s.f.DefaultMavenResourcesFiltering - skip non existing resourceDirectory C:\Users\alexs\Desktop\projeto-poo-main\projeto-poo-main\projetoModelo\projetoModelo\src\test\resources
2024-12-01 11:28:56,969 [Worker-12: Building] WARN  o.a.m.s.f.DefaultMavenResourcesFiltering - Using platform encoding (UTF-8 actually) to copy filtered resources, i.e. build is platform dependent!
2024-12-01 11:28:56,971 [Worker-12: Building] INFO  o.a.m.s.f.DefaultMavenResourcesFiltering - skip non existing resourceDirectory C:\Users\alexs\Desktop\projeto-poo-main\projeto-poo-main\projetoModelo\projetoModelo\src\main\resources
2024-12-01 11:28:56,973 [Worker-12: Building] WARN  o.a.m.s.f.DefaultMavenResourcesFiltering - Using platform encoding (UTF-8 actually) to copy filtered resources, i.e. build is platform dependent!
2024-12-01 11:28:56,974 [Worker-12: Building] INFO  o.a.m.s.f.DefaultMavenResourcesFiltering - skip non existing resourceDirectory C:\Users\alexs\Desktop\projeto-poo-main\projeto-poo-main\projetoModelo\projetoModelo\src\test\resources
2024-12-01 11:28:59,440 [Worker-7: Building] WARN  o.a.m.s.f.DefaultMavenResourcesFiltering - Using platform encoding (UTF-8 actually) to copy filtered resources, i.e. build is platform dependent!
2024-12-01 11:28:59,441 [Worker-7: Building] INFO  o.a.m.s.f.DefaultMavenResourcesFiltering - skip non existing resourceDirectory C:\Users\alexs\Desktop\projeto-poo-main\projeto-poo-main\projetoModelo\projetoModelo\src\main\resources
2024-12-01 11:28:59,443 [Worker-7: Building] WARN  o.a.m.s.f.DefaultMavenResourcesFiltering - Using platform encoding (UTF-8 actually) to copy filtered resources, i.e. build is platform dependent!
2024-12-01 11:28:59,443 [Worker-7: Building] INFO  o.a.m.s.f.DefaultMavenResourcesFiltering - skip non existing resourceDirectory C:\Users\alexs\Desktop\projeto-poo-main\projeto-poo-main\projetoModelo\projetoModelo\src\test\resources
2024-12-01 11:33:04,238 [Worker-7: Building] WARN  o.a.m.s.f.DefaultMavenResourcesFiltering - Using platform encoding (UTF-8 actually) to copy filtered resources, i.e. build is platform dependent!
2024-12-01 11:33:04,239 [Worker-7: Building] INFO  o.a.m.s.f.DefaultMavenResourcesFiltering - skip non existing resourceDirectory C:\Users\alexs\Desktop\projeto-poo-main\projeto-poo-main\projetoModelo\projetoModelo\src\main\resources
2024-12-01 11:33:04,242 [Worker-7: Building] WARN  o.a.m.s.f.DefaultMavenResourcesFiltering - Using platform encoding (UTF-8 actually) to copy filtered resources, i.e. build is platform dependent!
2024-12-01 11:33:04,243 [Worker-7: Building] INFO  o.a.m.s.f.DefaultMavenResourcesFiltering - skip non existing resourceDirectory C:\Users\alexs\Desktop\projeto-poo-main\projeto-poo-main\projetoModelo\projetoModelo\src\test\resources
2024-12-01 11:33:06,318 [Worker-7: Building] WARN  o.a.m.s.f.DefaultMavenResourcesFiltering - Using platform encoding (UTF-8 actually) to copy filtered resources, i.e. build is platform dependent!
2024-12-01 11:33:06,319 [Worker-7: Building] INFO  o.a.m.s.f.DefaultMavenResourcesFiltering - skip non existing resourceDirectory C:\Users\alexs\Desktop\projeto-poo-main\projeto-poo-main\projetoModelo\projetoModelo\src\main\resources
2024-12-01 11:33:06,321 [Worker-7: Building] WARN  o.a.m.s.f.DefaultMavenResourcesFiltering - Using platform encoding (UTF-8 actually) to copy filtered resources, i.e. build is platform dependent!
2024-12-01 11:33:06,321 [Worker-7: Building] INFO  o.a.m.s.f.DefaultMavenResourcesFiltering - skip non existing resourceDirectory C:\Users\alexs\Desktop\projeto-poo-main\projeto-poo-main\projetoModelo\projetoModelo\src\test\resources
2024-12-01 11:36:52,367 [Worker-7: Building] WARN  o.a.m.s.f.DefaultMavenResourcesFiltering - Using platform encoding (UTF-8 actually) to copy filtered resources, i.e. build is platform dependent!
2024-12-01 11:36:52,368 [Worker-7: Building] INFO  o.a.m.s.f.DefaultMavenResourcesFiltering - skip non existing resourceDirectory C:\Users\alexs\Desktop\projeto-poo-main\projeto-poo-main\projetoModelo\projetoModelo\src\main\resources
2024-12-01 11:36:52,370 [Worker-7: Building] WARN  o.a.m.s.f.DefaultMavenResourcesFiltering - Using platform encoding (UTF-8 actually) to copy filtered resources, i.e. build is platform dependent!
2024-12-01 11:36:52,372 [Worker-7: Building] INFO  o.a.m.s.f.DefaultMavenResourcesFiltering - skip non existing resourceDirectory C:\Users\alexs\Desktop\projeto-poo-main\projeto-poo-main\projetoModelo\projetoModelo\src\test\resources
2024-12-01 11:37:28,789 [Worker-12: Building] WARN  o.a.m.s.f.DefaultMavenResourcesFiltering - Using platform encoding (UTF-8 actually) to copy filtered resources, i.e. build is platform dependent!
2024-12-01 11:37:28,790 [Worker-12: Building] INFO  o.a.m.s.f.DefaultMavenResourcesFiltering - skip non existing resourceDirectory C:\Users\alexs\Desktop\projeto-poo-main\projeto-poo-main\projetoModelo\projetoModelo\src\main\resources
2024-12-01 11:37:28,791 [Worker-12: Building] WARN  o.a.m.s.f.DefaultMavenResourcesFiltering - Using platform encoding (UTF-8 actually) to copy filtered resources, i.e. build is platform dependent!
2024-12-01 11:37:28,792 [Worker-12: Building] INFO  o.a.m.s.f.DefaultMavenResourcesFiltering - skip non existing resourceDirectory C:\Users\alexs\Desktop\projeto-poo-main\projeto-poo-main\projetoModelo\projetoModelo\src\test\resources
2024-12-01 11:42:50,678 [Worker-7: Building] WARN  o.a.m.s.f.DefaultMavenResourcesFiltering - Using platform encoding (UTF-8 actually) to copy filtered resources, i.e. build is platform dependent!
2024-12-01 11:42:50,679 [Worker-7: Building] INFO  o.a.m.s.f.DefaultMavenResourcesFiltering - skip non existing resourceDirectory C:\Users\alexs\Desktop\projeto-poo-main\projeto-poo-main\projetoModelo\projetoModelo\src\main\resources
2024-12-01 11:42:50,681 [Worker-7: Building] WARN  o.a.m.s.f.DefaultMavenResourcesFiltering - Using platform encoding (UTF-8 actually) to copy filtered resources, i.e. build is platform dependent!
2024-12-01 11:42:50,683 [Worker-7: Building] INFO  o.a.m.s.f.DefaultMavenResourcesFiltering - skip non existing resourceDirectory C:\Users\alexs\Desktop\projeto-poo-main\projeto-poo-main\projetoModelo\projetoModelo\src\test\resources
2024-12-01 11:43:49,792 [Worker-7: Building] WARN  o.a.m.s.f.DefaultMavenResourcesFiltering - Using platform encoding (UTF-8 actually) to copy filtered resources, i.e. build is platform dependent!
2024-12-01 11:43:49,793 [Worker-7: Building] INFO  o.a.m.s.f.DefaultMavenResourcesFiltering - skip non existing resourceDirectory C:\Users\alexs\Desktop\projeto-poo-main\projeto-poo-main\projetoModelo\projetoModelo\src\main\resources
2024-12-01 11:43:49,794 [Worker-7: Building] WARN  o.a.m.s.f.DefaultMavenResourcesFiltering - Using platform encoding (UTF-8 actually) to copy filtered resources, i.e. build is platform dependent!
2024-12-01 11:43:49,795 [Worker-7: Building] INFO  o.a.m.s.f.DefaultMavenResourcesFiltering - skip non existing resourceDirectory C:\Users\alexs\Desktop\projeto-poo-main\projeto-poo-main\projetoModelo\projetoModelo\src\test\resources
2024-12-01 11:49:19,538 [Worker-39: Building] WARN  o.a.m.s.f.DefaultMavenResourcesFiltering - Using platform encoding (UTF-8 actually) to copy filtered resources, i.e. build is platform dependent!
2024-12-01 11:49:19,540 [Worker-39: Building] INFO  o.a.m.s.f.DefaultMavenResourcesFiltering - skip non existing resourceDirectory C:\Users\alexs\Desktop\projeto-poo-main\projeto-poo-main\projetoModelo\projetoModelo\src\main\resources
2024-12-01 11:49:19,541 [Worker-39: Building] WARN  o.a.m.s.f.DefaultMavenResourcesFiltering - Using platform encoding (UTF-8 actually) to copy filtered resources, i.e. build is platform dependent!
2024-12-01 11:49:19,542 [Worker-39: Building] INFO  o.a.m.s.f.DefaultMavenResourcesFiltering - skip non existing resourceDirectory C:\Users\alexs\Desktop\projeto-poo-main\projeto-poo-main\projetoModelo\projetoModelo\src\test\resources
2024-12-01 11:49:49,892 [Worker-31: Building] WARN  o.a.m.s.f.DefaultMavenResourcesFiltering - Using platform encoding (UTF-8 actually) to copy filtered resources, i.e. build is platform dependent!
2024-12-01 11:49:49,893 [Worker-31: Building] INFO  o.a.m.s.f.DefaultMavenResourcesFiltering - skip non existing resourceDirectory C:\Users\alexs\Desktop\projeto-poo-main\projeto-poo-main\projetoModelo\projetoModelo\src\main\resources
2024-12-01 11:49:49,894 [Worker-31: Building] WARN  o.a.m.s.f.DefaultMavenResourcesFiltering - Using platform encoding (UTF-8 actually) to copy filtered resources, i.e. build is platform dependent!
2024-12-01 11:49:49,895 [Worker-31: Building] INFO  o.a.m.s.f.DefaultMavenResourcesFiltering - skip non existing resourceDirectory C:\Users\alexs\Desktop\projeto-poo-main\projeto-poo-main\projetoModelo\projetoModelo\src\test\resources
2024-12-01 11:50:17,420 [Worker-7: Building] WARN  o.a.m.s.f.DefaultMavenResourcesFiltering - Using platform encoding (UTF-8 actually) to copy filtered resources, i.e. build is platform dependent!
2024-12-01 11:50:17,420 [Worker-7: Building] INFO  o.a.m.s.f.DefaultMavenResourcesFiltering - skip non existing resourceDirectory C:\Users\alexs\Desktop\projeto-poo-main\projeto-poo-main\projetoModelo\projetoModelo\src\main\resources
2024-12-01 11:50:17,422 [Worker-7: Building] WARN  o.a.m.s.f.DefaultMavenResourcesFiltering - Using platform encoding (UTF-8 actually) to copy filtered resources, i.e. build is platform dependent!
2024-12-01 11:50:17,423 [Worker-7: Building] INFO  o.a.m.s.f.DefaultMavenResourcesFiltering - skip non existing resourceDirectory C:\Users\alexs\Desktop\projeto-poo-main\projeto-poo-main\projetoModelo\projetoModelo\src\test\resources
2024-12-01 11:50:19,854 [Worker-40: Building] WARN  o.a.m.s.f.DefaultMavenResourcesFiltering - Using platform encoding (UTF-8 actually) to copy filtered resources, i.e. build is platform dependent!
2024-12-01 11:50:19,855 [Worker-40: Building] INFO  o.a.m.s.f.DefaultMavenResourcesFiltering - skip non existing resourceDirectory C:\Users\alexs\Desktop\projeto-poo-main\projeto-poo-main\projetoModelo\projetoModelo\src\main\resources
2024-12-01 11:50:19,857 [Worker-40: Building] WARN  o.a.m.s.f.DefaultMavenResourcesFiltering - Using platform encoding (UTF-8 actually) to copy filtered resources, i.e. build is platform dependent!
2024-12-01 11:50:19,858 [Worker-40: Building] INFO  o.a.m.s.f.DefaultMavenResourcesFiltering - skip non existing resourceDirectory C:\Users\alexs\Desktop\projeto-poo-main\projeto-poo-main\projetoModelo\projetoModelo\src\test\resources
2024-12-01 11:50:39,371 [Worker-31: Building] WARN  o.a.m.s.f.DefaultMavenResourcesFiltering - Using platform encoding (UTF-8 actually) to copy filtered resources, i.e. build is platform dependent!
2024-12-01 11:50:39,372 [Worker-31: Building] INFO  o.a.m.s.f.DefaultMavenResourcesFiltering - skip non existing resourceDirectory C:\Users\alexs\Desktop\projeto-poo-main\projeto-poo-main\projetoModelo\projetoModelo\src\main\resources
2024-12-01 11:50:39,374 [Worker-31: Building] WARN  o.a.m.s.f.DefaultMavenResourcesFiltering - Using platform encoding (UTF-8 actually) to copy filtered resources, i.e. build is platform dependent!
2024-12-01 11:50:39,375 [Worker-31: Building] INFO  o.a.m.s.f.DefaultMavenResourcesFiltering - skip non existing resourceDirectory C:\Users\alexs\Desktop\projeto-poo-main\projeto-poo-main\projetoModelo\projetoModelo\src\test\resources
2024-12-01 11:50:50,098 [Worker-39: Building] WARN  o.a.m.s.f.DefaultMavenResourcesFiltering - Using platform encoding (UTF-8 actually) to copy filtered resources, i.e. build is platform dependent!
2024-12-01 11:50:50,099 [Worker-39: Building] INFO  o.a.m.s.f.DefaultMavenResourcesFiltering - skip non existing resourceDirectory C:\Users\alexs\Desktop\projeto-poo-main\projeto-poo-main\projetoModelo\projetoModelo\src\main\resources
2024-12-01 11:50:50,101 [Worker-39: Building] WARN  o.a.m.s.f.DefaultMavenResourcesFiltering - Using platform encoding (UTF-8 actually) to copy filtered resources, i.e. build is platform dependent!
2024-12-01 11:50:50,101 [Worker-39: Building] INFO  o.a.m.s.f.DefaultMavenResourcesFiltering - skip non existing resourceDirectory C:\Users\alexs\Desktop\projeto-poo-main\projeto-poo-main\projetoModelo\projetoModelo\src\test\resources
2024-12-01 11:52:42,171 [Worker-39: Building] WARN  o.a.m.s.f.DefaultMavenResourcesFiltering - Using platform encoding (UTF-8 actually) to copy filtered resources, i.e. build is platform dependent!
2024-12-01 11:52:42,172 [Worker-39: Building] INFO  o.a.m.s.f.DefaultMavenResourcesFiltering - skip non existing resourceDirectory C:\Users\alexs\Desktop\projeto-poo-main\projeto-poo-main\projetoModelo\projetoModelo\src\main\resources
2024-12-01 11:52:42,174 [Worker-39: Building] WARN  o.a.m.s.f.DefaultMavenResourcesFiltering - Using platform encoding (UTF-8 actually) to copy filtered resources, i.e. build is platform dependent!
2024-12-01 11:52:42,174 [Worker-39: Building] INFO  o.a.m.s.f.DefaultMavenResourcesFiltering - skip non existing resourceDirectory C:\Users\alexs\Desktop\projeto-poo-main\projeto-poo-main\projetoModelo\projetoModelo\src\test\resources
2024-12-01 11:53:17,164 [Worker-40: Building] WARN  o.a.m.s.f.DefaultMavenResourcesFiltering - Using platform encoding (UTF-8 actually) to copy filtered resources, i.e. build is platform dependent!
2024-12-01 11:53:17,166 [Worker-40: Building] INFO  o.a.m.s.f.DefaultMavenResourcesFiltering - skip non existing resourceDirectory C:\Users\alexs\Desktop\projeto-poo-main\projeto-poo-main\projetoModelo\projetoModelo\src\main\resources
2024-12-01 11:53:17,167 [Worker-40: Building] WARN  o.a.m.s.f.DefaultMavenResourcesFiltering - Using platform encoding (UTF-8 actually) to copy filtered resources, i.e. build is platform dependent!
2024-12-01 11:53:17,168 [Worker-40: Building] INFO  o.a.m.s.f.DefaultMavenResourcesFiltering - skip non existing resourceDirectory C:\Users\alexs\Desktop\projeto-poo-main\projeto-poo-main\projetoModelo\projetoModelo\src\test\resources
2024-12-01 11:55:12,391 [Worker-7: Building] WARN  o.a.m.s.f.DefaultMavenResourcesFiltering - Using platform encoding (UTF-8 actually) to copy filtered resources, i.e. build is platform dependent!
2024-12-01 11:55:12,392 [Worker-7: Building] INFO  o.a.m.s.f.DefaultMavenResourcesFiltering - skip non existing resourceDirectory C:\Users\alexs\Desktop\projeto-poo-main\projeto-poo-main\projetoModelo\projetoModelo\src\main\resources
2024-12-01 11:55:12,393 [Worker-7: Building] WARN  o.a.m.s.f.DefaultMavenResourcesFiltering - Using platform encoding (UTF-8 actually) to copy filtered resources, i.e. build is platform dependent!
2024-12-01 11:55:12,395 [Worker-7: Building] INFO  o.a.m.s.f.DefaultMavenResourcesFiltering - skip non existing resourceDirectory C:\Users\alexs\Desktop\projeto-poo-main\projeto-poo-main\projetoModelo\projetoModelo\src\test\resources
2024-12-01 15:59:29,243 [Worker-48: Building] WARN  o.a.m.s.f.DefaultMavenResourcesFiltering - Using platform encoding (UTF-8 actually) to copy filtered resources, i.e. build is platform dependent!
2024-12-01 15:59:29,257 [Worker-48: Building] INFO  o.a.m.s.f.DefaultMavenResourcesFiltering - skip non existing resourceDirectory C:\Users\alexs\Desktop\projeto-poo-main\projeto-poo-main\projetoModelo\projetoModelo\src\main\resources
2024-12-01 15:59:29,259 [Worker-48: Building] WARN  o.a.m.s.f.DefaultMavenResourcesFiltering - Using platform encoding (UTF-8 actually) to copy filtered resources, i.e. build is platform dependent!
2024-12-01 15:59:29,259 [Worker-48: Building] INFO  o.a.m.s.f.DefaultMavenResourcesFiltering - skip non existing resourceDirectory C:\Users\alexs\Desktop\projeto-poo-main\projeto-poo-main\projetoModelo\projetoModelo\src\test\resources
